C:/myPrograms/NewtonGameDynamicsWrapper/Rays/PhysicsRayFurthest.h:122: warning: Reached end of file while still inside a (nested) comment. Nesting level 1 (probable line reference: 112)
C:/myPrograms/NewtonGameDynamicsWrapper/Rays/PhysicsRayFurthest.h:122: warning: File ended in the middle of a comment block! Perhaps a missing \endcode?
C:/myPrograms/NewtonGameDynamicsWrapper/Utilities/NewtonMassMatrix.h:2: warning: the name `MassMatrix.h' supplied as the second argument in the \file statement is not an input file
C:/myPrograms/NewtonGameDynamicsWrapper/Utilities/NewtonMatrix4.h:2: warning: the name `Matrix4x4.h' supplied as the second argument in the \file statement is not an input file
C:/myPrograms/NewtonGameDynamicsWrapper/Rays/PhysicsRayFurthest.cpp:3: warning: no uniquely matching class member found for 
  unsigned PhysicsRayFurthest::userRayPrefilterCallback(const NewtonBody *pNewtonBody, const NewtonCollision *collision, void *userData)

C:/myPrograms/NewtonGameDynamicsWrapper/Rays/PhysicsRayFurthest.cpp:10: warning: no uniquely matching class member found for 
  float PhysicsRayFurthest::userRayFilterCallback(const NewtonBody *pNewtonBody, const dFloat *hitNormal, int collisionID, void *pUserData, dFloat intersetParam)

C:/myPrograms/NewtonGameDynamicsWrapper/Utilities/NewtonMatrix4.h:34: warning: Found unknown command `\detail'
C:/myPrograms/NewtonGameDynamicsWrapper/Utilities/NewtonFreezeThreshold.h:33: warning: Found unknown command `\detail'
C:/myPrograms/NewtonGameDynamicsWrapper/Utilities/NewtonMassMatrix.h:31: warning: Found unknown command `\detail'
C:/myPrograms/NewtonGameDynamicsWrapper/Body/IPhysicsBody.h:29: warning: Found unknown command `\detail'
C:/myPrograms/NewtonGameDynamicsWrapper/Utilities/NewtonAABB.h:30: warning: Found unknown command `\detail'
C:/myPrograms/NewtonGameDynamicsWrapper/Utilities/NewtonVector3.h:34: warning: Found unknown command `\detail'
C:/myPrograms/NewtonGameDynamicsWrapper/Buoyancy/PhysicsBuoyancyPlane.h:33: warning: Found unknown command `\detail'
C:/myPrograms/NewtonGameDynamicsWrapper/Triggers/IPhysicsTrigger.h:32: warning: Found unknown command `\detail'
C:/myPrograms/NewtonGameDynamicsWrapper/Vehicle/IPhysicsVehicle.h:24: warning: Found unknown command `\detail'
C:/myPrograms/NewtonGameDynamicsWrapper/Debugger/IPhysicsDebugger.h:54: warning: Found unknown command `\detail'
C:/myPrograms/NewtonGameDynamicsWrapper/Collision/Frames/PhysicsCollisionFrame.h:35: warning: Found unknown command `\detail'
C:/myPrograms/NewtonGameDynamicsWrapper/Utilities/NewtonVector2.h:28: warning: Found unknown command `\detail'
C:/myPrograms/NewtonGameDynamicsWrapper/Body/PhysicsBody.h:40: warning: Found unknown command `\detail'
C:/myPrograms/NewtonGameDynamicsWrapper/Joints/PhysicsUniversalJoint.h:40: warning: Found unknown command `\detail'
C:/myPrograms/NewtonGameDynamicsWrapper/Joints/PhysicsUpVectorJoint.h:42: warning: Found unknown command `\detail'
C:/myPrograms/NewtonGameDynamicsWrapper/Joints/PhysicsSliderJoint.h:38: warning: Found unknown command `\detail'
C:/myPrograms/NewtonGameDynamicsWrapper/Joints/Factory/PhysicsJointFactory.h:35: warning: Found unknown command `\detail'
C:/myPrograms/NewtonGameDynamicsWrapper/Materials/PhysicsMaterial.h:34: warning: Found unknown command `\detail'
C:/myPrograms/NewtonGameDynamicsWrapper/Materials/Factory/PhysicsMaterialFactory.h:33: warning: Found unknown command `\detail'
C:/myPrograms/NewtonGameDynamicsWrapper/Ragdoll/PhysicsRagDollBone.h:31: warning: Found unknown command `\detail'
C:/myPrograms/NewtonGameDynamicsWrapper/Rays/PhysicsRayClosest.h:27: warning: Found unknown command `\detail'
C:/myPrograms/NewtonGameDynamicsWrapper/Rays/PhysicsRayDefault.h:29: warning: Found unknown command `\detail'
C:/myPrograms/NewtonGameDynamicsWrapper/Vehicle/PhysicsVehicle.h:34: warning: Found unknown command `\detail'
C:/myPrograms/NewtonGameDynamicsWrapper/Vehicle/PhysicsVehicleTire.h:28: warning: Found unknown command `\detail'
C:/myPrograms/NewtonGameDynamicsWrapper/World/PhysicsWorld.h:40: warning: Found unknown command `\detail'
C:/myPrograms/NewtonGameDynamicsWrapper/World/EFrictionModel.h:3: warning: Found unknown command `\Author'
C:/myPrograms/NewtonGameDynamicsWrapper/World/EPlatformArchitecture.h:3: warning: Found unknown command `\Author'
C:/myPrograms/NewtonGameDynamicsWrapper/World/ESolverModel.h:3: warning: Found unknown command `\Author'
C:/myPrograms/NewtonGameDynamicsWrapper/GamePhysics.h:3: warning: Found unknown command `\Author'
C:/myPrograms/NewtonGameDynamicsWrapper/Body/IPhysicsBody.h:29: warning: Found unknown command `\detail'
C:/myPrograms/NewtonGameDynamicsWrapper/Body/IPhysicsBody.h:3: warning: Found unknown command `\Author'
C:/myPrograms/NewtonGameDynamicsWrapper/Debugger/IPhysicsDebugger.h:54: warning: Found unknown command `\detail'
C:/myPrograms/NewtonGameDynamicsWrapper/Debugger/IPhysicsDebugger.h:3: warning: Found unknown command `\Author'
C:/myPrograms/NewtonGameDynamicsWrapper/Ragdoll/IPhysicsRagDoll.h:3: warning: Found unknown command `\Author'
C:/myPrograms/NewtonGameDynamicsWrapper/Rays/IPhysicsRay.h:3: warning: Found unknown command `\Author'
C:/myPrograms/NewtonGameDynamicsWrapper/Triggers/IPhysicsTrigger.h:32: warning: Found unknown command `\detail'
C:/myPrograms/NewtonGameDynamicsWrapper/Triggers/IPhysicsTrigger.h:3: warning: Found unknown command `\Author'
C:/myPrograms/NewtonGameDynamicsWrapper/Vehicle/IPhysicsVehicle.h:24: warning: Found unknown command `\detail'
C:/myPrograms/NewtonGameDynamicsWrapper/Vehicle/IPhysicsVehicle.h:3: warning: Found unknown command `\Author'
C:/myPrograms/NewtonGameDynamicsWrapper/Utilities/NewtonAABB.h:30: warning: Found unknown command `\detail'
C:/myPrograms/NewtonGameDynamicsWrapper/Utilities/NewtonAABB.h:3: warning: Found unknown command `\Author'
C:/myPrograms/NewtonGameDynamicsWrapper/Utilities/NewtonFreezeThreshold.h:33: warning: Found unknown command `\detail'
C:/myPrograms/NewtonGameDynamicsWrapper/Utilities/NewtonFreezeThreshold.h:3: warning: Found unknown command `\Author'
C:/myPrograms/NewtonGameDynamicsWrapper/Utilities/NewtonGlobalScale.h:3: warning: Found unknown command `\Author'
C:/myPrograms/NewtonGameDynamicsWrapper/Utilities/NewtonVector2.h:28: warning: Found unknown command `\detail'
C:/myPrograms/NewtonGameDynamicsWrapper/Utilities/NewtonVector2.h:3: warning: Found unknown command `\Author'
C:/myPrograms/NewtonGameDynamicsWrapper/Utilities/NewtonVector3.h:34: warning: Found unknown command `\detail'
C:/myPrograms/NewtonGameDynamicsWrapper/Utilities/NewtonVector3.h:3: warning: Found unknown command `\Author'
C:/myPrograms/NewtonGameDynamicsWrapper/Joints/PhysicsBallAndSocketJoint.h:3: warning: Found unknown command `\Author'
C:/myPrograms/NewtonGameDynamicsWrapper/Body/PhysicsBody.h:40: warning: Found unknown command `\detail'
C:/myPrograms/NewtonGameDynamicsWrapper/Body/PhysicsBody.h:3: warning: Found unknown command `\Author'
C:/myPrograms/NewtonGameDynamicsWrapper/Body/PhysicsBodyTypes.h:3: warning: Found unknown command `\Author'
C:/myPrograms/NewtonGameDynamicsWrapper/Buoyancy/PhysicsBuoyancyPlane.h:33: warning: Found unknown command `\detail'
C:/myPrograms/NewtonGameDynamicsWrapper/Buoyancy/PhysicsBuoyancyPlane.h:3: warning: Found unknown command `\Author'
C:/myPrograms/NewtonGameDynamicsWrapper/Collision/Frames/PhysicsCollisionFrame.h:35: warning: Found unknown command `\detail'
C:/myPrograms/NewtonGameDynamicsWrapper/Collision/Frames/PhysicsCollisionFrame.h:9: warning: Found unknown command `\Author'
C:/myPrograms/NewtonGameDynamicsWrapper/Collision/Generic/PhysicsCollisionFrameClosestPoints.h:3: warning: Found unknown command `\Author'
C:/myPrograms/NewtonGameDynamicsWrapper/Collision/Factory/PhysicsCollisionFrameFactory.h:3: warning: Found unknown command `\Author'
C:/myPrograms/NewtonGameDynamicsWrapper/Collision/Rays/PhysicsCollisionFrameRayImpactData.h:3: warning: Found unknown command `\Author'
C:/myPrograms/NewtonGameDynamicsWrapper/Joints/PhysicsCorkscrewJoint.h:3: warning: Found unknown command `\Author'
C:/myPrograms/NewtonGameDynamicsWrapper/Joints/PhysicsCustomJoint.h:3: warning: Found unknown command `\Author'
C:/myPrograms/NewtonGameDynamicsWrapper/Collision/Generic/PhysicsGenericCollision.h:3: warning: Found unknown command `\Author'
C:/myPrograms/NewtonGameDynamicsWrapper/Joints/PhysicsHingeJoint.h:3: warning: Found unknown command `\Author'
C:/myPrograms/NewtonGameDynamicsWrapper/Joints/Factory/PhysicsJointFactory.h:35: warning: Found unknown command `\detail'
C:/myPrograms/NewtonGameDynamicsWrapper/Joints/Factory/PhysicsJointFactory.h:3: warning: Found unknown command `\Author'
C:/myPrograms/NewtonGameDynamicsWrapper/Materials/PhysicsMaterial.h:34: warning: Found unknown command `\detail'
C:/myPrograms/NewtonGameDynamicsWrapper/Materials/PhysicsMaterial.h:3: warning: Found unknown command `\Author'
C:/myPrograms/NewtonGameDynamicsWrapper/Materials/Factory/PhysicsMaterialFactory.h:33: warning: Found unknown command `\detail'
C:/myPrograms/NewtonGameDynamicsWrapper/Materials/Factory/PhysicsMaterialFactory.h:3: warning: Found unknown command `\Author'
C:/myPrograms/NewtonGameDynamicsWrapper/Ragdoll/PhysicsRagDoll.h:3: warning: Found unknown command `\Author'
C:/myPrograms/NewtonGameDynamicsWrapper/Ragdoll/PhysicsRagDollBone.h:31: warning: Found unknown command `\detail'
C:/myPrograms/NewtonGameDynamicsWrapper/Ragdoll/PhysicsRagDollBone.h:3: warning: Found unknown command `\Author'
C:/myPrograms/NewtonGameDynamicsWrapper/Rays/PhysicsRayClosest.h:27: warning: Found unknown command `\detail'
C:/myPrograms/NewtonGameDynamicsWrapper/Rays/PhysicsRayClosest.h:3: warning: Found unknown command `\Author'
C:/myPrograms/NewtonGameDynamicsWrapper/Rays/PhysicsRayDefault.h:29: warning: Found unknown command `\detail'
C:/myPrograms/NewtonGameDynamicsWrapper/Rays/PhysicsRayFurthest.h:10: warning: Found unknown command `\Author'
C:/myPrograms/NewtonGameDynamicsWrapper/Rays/PhysicsRayImpactData.h:3: warning: Found unknown command `\Author'
C:/myPrograms/NewtonGameDynamicsWrapper/Joints/PhysicsSliderJoint.h:38: warning: Found unknown command `\detail'
C:/myPrograms/NewtonGameDynamicsWrapper/Joints/PhysicsSliderJoint.h:3: warning: Found unknown command `\Author'
C:/myPrograms/NewtonGameDynamicsWrapper/Joints/PhysicsUniversalJoint.h:40: warning: Found unknown command `\detail'
C:/myPrograms/NewtonGameDynamicsWrapper/Joints/PhysicsUniversalJoint.h:3: warning: Found unknown command `\Author'
C:/myPrograms/NewtonGameDynamicsWrapper/Joints/PhysicsUpVectorJoint.h:42: warning: Found unknown command `\detail'
C:/myPrograms/NewtonGameDynamicsWrapper/Joints/PhysicsUpVectorJoint.h:3: warning: Found unknown command `\Author'
C:/myPrograms/NewtonGameDynamicsWrapper/Vehicle/PhysicsVehicle.h:34: warning: Found unknown command `\detail'
C:/myPrograms/NewtonGameDynamicsWrapper/Vehicle/PhysicsVehicle.h:3: warning: Found unknown command `\Author'
C:/myPrograms/NewtonGameDynamicsWrapper/Vehicle/PhysicsVehicleTire.h:28: warning: Found unknown command `\detail'
C:/myPrograms/NewtonGameDynamicsWrapper/Vehicle/PhysicsVehicleTire.h:3: warning: Found unknown command `\Author'
C:/myPrograms/NewtonGameDynamicsWrapper/World/PhysicsWorld.h:40: warning: Found unknown command `\detail'
C:/myPrograms/NewtonGameDynamicsWrapper/World/PhysicsWorld.h:3: warning: Found unknown command `\Author'
C:/myPrograms/NewtonGameDynamicsWrapper/Body/IPhysicsBody.h:29: warning: Found unknown command `\detail'
C:/myPrograms/NewtonGameDynamicsWrapper/Body/IPhysicsBody.h:29: warning: Found unknown command `\detail'
C:/myPrograms/NewtonGameDynamicsWrapper/Debugger/IPhysicsDebugger.h:54: warning: Found unknown command `\detail'
C:/myPrograms/NewtonGameDynamicsWrapper/Debugger/IPhysicsDebugger.h:54: warning: Found unknown command `\detail'
C:/myPrograms/NewtonGameDynamicsWrapper/Rays/IPhysicsRay.h:139: warning: argument 'body' of command @param is not found in the argument list of IPhysicsRay::rayFilterCallback(const NewtonBody *pNewtonBody, const dFloat *hitNormal, int collisionID, void *pUserData, dFloat intersetParam)
C:/myPrograms/NewtonGameDynamicsWrapper/Rays/IPhysicsRay.h:139: warning: argument 'userData' of command @param is not found in the argument list of IPhysicsRay::rayFilterCallback(const NewtonBody *pNewtonBody, const dFloat *hitNormal, int collisionID, void *pUserData, dFloat intersetParam)
C:/myPrograms/NewtonGameDynamicsWrapper/Rays/IPhysicsRay.h:139: warning: The following parameters of IPhysicsRay::rayFilterCallback(const NewtonBody *pNewtonBody, const dFloat *hitNormal, int collisionID, void *pUserData, dFloat intersetParam) are not documented:
  parameter 'pNewtonBody'
  parameter 'pUserData'
C:/myPrograms/NewtonGameDynamicsWrapper/Rays/IPhysicsRay.h:129: warning: argument 'body' of command @param is not found in the argument list of IPhysicsRay::rayPrefilterCallback(const NewtonBody *pNewtonBody, const NewtonCollision *pNetwonCollision, void *pUserData)
C:/myPrograms/NewtonGameDynamicsWrapper/Rays/IPhysicsRay.h:129: warning: argument 'collision' of command @param is not found in the argument list of IPhysicsRay::rayPrefilterCallback(const NewtonBody *pNewtonBody, const NewtonCollision *pNetwonCollision, void *pUserData)
C:/myPrograms/NewtonGameDynamicsWrapper/Rays/IPhysicsRay.h:129: warning: argument 'userData' of command @param is not found in the argument list of IPhysicsRay::rayPrefilterCallback(const NewtonBody *pNewtonBody, const NewtonCollision *pNetwonCollision, void *pUserData)
C:/myPrograms/NewtonGameDynamicsWrapper/Rays/IPhysicsRay.h:129: warning: The following parameters of IPhysicsRay::rayPrefilterCallback(const NewtonBody *pNewtonBody, const NewtonCollision *pNetwonCollision, void *pUserData) are not documented:
  parameter 'pNewtonBody'
  parameter 'pNetwonCollision'
  parameter 'pUserData'
C:/myPrograms/NewtonGameDynamicsWrapper/Rays/IPhysicsRay.h:108: warning: argument 'body' of command @param is not found in the argument list of IPhysicsRay::userRayFilterCallback(const NewtonBody *pNewtonBody, const dFloat *hitNormal, int collisionID, void *pUserData, dFloat intersetParam)=0
C:/myPrograms/NewtonGameDynamicsWrapper/Rays/IPhysicsRay.h:108: warning: argument 'userData' of command @param is not found in the argument list of IPhysicsRay::userRayFilterCallback(const NewtonBody *pNewtonBody, const dFloat *hitNormal, int collisionID, void *pUserData, dFloat intersetParam)=0
C:/myPrograms/NewtonGameDynamicsWrapper/Rays/IPhysicsRay.h:108: warning: The following parameters of IPhysicsRay::userRayFilterCallback(const NewtonBody *pNewtonBody, const dFloat *hitNormal, int collisionID, void *pUserData, dFloat intersetParam)=0 are not documented:
  parameter 'pNewtonBody'
  parameter 'pUserData'
C:/myPrograms/NewtonGameDynamicsWrapper/Triggers/IPhysicsTrigger.h:32: warning: Found unknown command `\detail'
C:/myPrograms/NewtonGameDynamicsWrapper/Triggers/IPhysicsTrigger.h:32: warning: Found unknown command `\detail'
C:/myPrograms/NewtonGameDynamicsWrapper/Vehicle/IPhysicsVehicle.h:24: warning: Found unknown command `\detail'
C:/myPrograms/NewtonGameDynamicsWrapper/Vehicle/IPhysicsVehicle.h:24: warning: Found unknown command `\detail'
C:/myPrograms/NewtonGameDynamicsWrapper/Utilities/NewtonAABB.h:30: warning: Found unknown command `\detail'
C:/myPrograms/NewtonGameDynamicsWrapper/Utilities/NewtonAABB.h:30: warning: Found unknown command `\detail'
C:/myPrograms/NewtonGameDynamicsWrapper/Utilities/NewtonFreezeThreshold.h:33: warning: Found unknown command `\detail'
C:/myPrograms/NewtonGameDynamicsWrapper/Utilities/NewtonFreezeThreshold.h:33: warning: Found unknown command `\detail'
C:/myPrograms/NewtonGameDynamicsWrapper/Utilities/NewtonMassMatrix.h:31: warning: Found unknown command `\detail'
C:/myPrograms/NewtonGameDynamicsWrapper/Utilities/NewtonMassMatrix.h:31: warning: Found unknown command `\detail'
C:/myPrograms/NewtonGameDynamicsWrapper/Utilities/NewtonMatrix4.h:34: warning: Found unknown command `\detail'
C:/myPrograms/NewtonGameDynamicsWrapper/Utilities/NewtonMatrix4.h:34: warning: Found unknown command `\detail'
C:/myPrograms/NewtonGameDynamicsWrapper/Utilities/NewtonVector2.h:28: warning: Found unknown command `\detail'
C:/myPrograms/NewtonGameDynamicsWrapper/Utilities/NewtonVector2.h:28: warning: Found unknown command `\detail'
C:/myPrograms/NewtonGameDynamicsWrapper/Utilities/NewtonVector3.h:34: warning: Found unknown command `\detail'
C:/myPrograms/NewtonGameDynamicsWrapper/Utilities/NewtonVector3.h:34: warning: Found unknown command `\detail'
C:/myPrograms/NewtonGameDynamicsWrapper/Body/PhysicsBody.h:40: warning: Found unknown command `\detail'
C:/myPrograms/NewtonGameDynamicsWrapper/Body/PhysicsBody.h:40: warning: Found unknown command `\detail'
C:/myPrograms/NewtonGameDynamicsWrapper/Body/PhysicsBodyFactory.h:71: warning: argument 'size' of command @param is not found in the argument list of PhysicsBodyFactory::createBoxBody(float sizeX, float sizeY, float sizeZ)
C:/myPrograms/NewtonGameDynamicsWrapper/Body/PhysicsBodyFactory.h:71: warning: The following parameters of PhysicsBodyFactory::createBoxBody(float sizeX, float sizeY, float sizeZ) are not documented:
  parameter 'sizeX'
  parameter 'sizeY'
  parameter 'sizeZ'
C:/myPrograms/NewtonGameDynamicsWrapper/Body/PhysicsBodyFactory.h:78: warning: argument 'size' of command @param is not found in the argument list of PhysicsBodyFactory::createBoxBody(float sizeX, float sizeY, float sizeZ, irr::core::matrix4 offset)
C:/myPrograms/NewtonGameDynamicsWrapper/Body/PhysicsBodyFactory.h:78: warning: The following parameters of PhysicsBodyFactory::createBoxBody(float sizeX, float sizeY, float sizeZ, irr::core::matrix4 offset) are not documented:
  parameter 'sizeX'
  parameter 'sizeY'
  parameter 'sizeZ'
C:/myPrograms/NewtonGameDynamicsWrapper/Body/PhysicsBodyFactory.h:178: warning: argument 'mesh' of command @param is not found in the argument list of PhysicsBodyFactory::createConvexHullBody(irr::scene::IMesh *pMesh)
C:/myPrograms/NewtonGameDynamicsWrapper/Body/PhysicsBodyFactory.h:178: warning: The following parameters of PhysicsBodyFactory::createConvexHullBody(irr::scene::IMesh *pMesh) are not documented:
  parameter 'pMesh'
C:/myPrograms/NewtonGameDynamicsWrapper/Body/PhysicsBodyFactory.h:85: warning: argument 'size' of command @param is not found in the argument list of PhysicsBodyFactory::createSphereBody(float sizeX, float sizeY, float sizeZ)
C:/myPrograms/NewtonGameDynamicsWrapper/Body/PhysicsBodyFactory.h:85: warning: The following parameters of PhysicsBodyFactory::createSphereBody(float sizeX, float sizeY, float sizeZ) are not documented:
  parameter 'sizeX'
  parameter 'sizeY'
  parameter 'sizeZ'
C:/myPrograms/NewtonGameDynamicsWrapper/Body/PhysicsBodyFactory.h:92: warning: argument 'size' of command @param is not found in the argument list of PhysicsBodyFactory::createSphereBody(float sizeX, float sizeY, float sizeZ, irr::core::matrix4 offset)
C:/myPrograms/NewtonGameDynamicsWrapper/Body/PhysicsBodyFactory.h:92: warning: The following parameters of PhysicsBodyFactory::createSphereBody(float sizeX, float sizeY, float sizeZ, irr::core::matrix4 offset) are not documented:
  parameter 'sizeX'
  parameter 'sizeY'
  parameter 'sizeZ'
C:/myPrograms/NewtonGameDynamicsWrapper/Body/PhysicsBodyFactory.h:192: warning: argument 'mesh' of command @param is not found in the argument list of PhysicsBodyFactory::createTreeBody(irr::scene::IMesh *pMesh)
C:/myPrograms/NewtonGameDynamicsWrapper/Body/PhysicsBodyFactory.h:192: warning: The following parameters of PhysicsBodyFactory::createTreeBody(irr::scene::IMesh *pMesh) are not documented:
  parameter 'pMesh'
C:/myPrograms/NewtonGameDynamicsWrapper/Buoyancy/PhysicsBuoyancyPlane.h:33: warning: Found unknown command `\detail'
C:/myPrograms/NewtonGameDynamicsWrapper/Buoyancy/PhysicsBuoyancyPlane.h:33: warning: Found unknown command `\detail'
C:/myPrograms/NewtonGameDynamicsWrapper/Collision/Frames/PhysicsCollisionFrame.h:35: warning: Found unknown command `\detail'
C:/myPrograms/NewtonGameDynamicsWrapper/Collision/Frames/PhysicsCollisionFrame.h:35: warning: Found unknown command `\detail'
C:/myPrograms/NewtonGameDynamicsWrapper/Collision/Factory/PhysicsCollisionFrameFactory.h:217: warning: argument 'collisionFrame' of command @param is not found in the argument list of PhysicsCollisionFrameFactory::convertToConvexHullCollisionFrame(NewtonCollision *pCollisionFrame)
C:/myPrograms/NewtonGameDynamicsWrapper/Collision/Factory/PhysicsCollisionFrameFactory.h:217: warning: The following parameters of PhysicsCollisionFrameFactory::convertToConvexHullCollisionFrame(NewtonCollision *pCollisionFrame) are not documented:
  parameter 'pCollisionFrame'
C:/myPrograms/NewtonGameDynamicsWrapper/Collision/Factory/PhysicsCollisionFrameFactory.h:93: warning: argument 'size' of command @param is not found in the argument list of PhysicsCollisionFrameFactory::createBoxCollisionFrame(float sizeX, float sizeY, float sizeZ)
C:/myPrograms/NewtonGameDynamicsWrapper/Collision/Factory/PhysicsCollisionFrameFactory.h:93: warning: The following parameters of PhysicsCollisionFrameFactory::createBoxCollisionFrame(float sizeX, float sizeY, float sizeZ) are not documented:
  parameter 'sizeX'
  parameter 'sizeY'
  parameter 'sizeZ'
C:/myPrograms/NewtonGameDynamicsWrapper/Collision/Factory/PhysicsCollisionFrameFactory.h:100: warning: argument 'size' of command @param is not found in the argument list of PhysicsCollisionFrameFactory::createBoxCollisionFrame(float sizeX, float sizeY, float sizeZ, NewtonMatrix4 offset)
C:/myPrograms/NewtonGameDynamicsWrapper/Collision/Factory/PhysicsCollisionFrameFactory.h:100: warning: The following parameters of PhysicsCollisionFrameFactory::createBoxCollisionFrame(float sizeX, float sizeY, float sizeZ, NewtonMatrix4 offset) are not documented:
  parameter 'sizeX'
  parameter 'sizeY'
  parameter 'sizeZ'
C:/myPrograms/NewtonGameDynamicsWrapper/Collision/Factory/PhysicsCollisionFrameFactory.h:200: warning: The following parameters of PhysicsCollisionFrameFactory::createConvexHullCollisionFrame(int vertexCount, float *vertexArray, NewtonMatrix4 offset) are not documented:
  parameter 'offset'
C:/myPrograms/NewtonGameDynamicsWrapper/Collision/Factory/PhysicsCollisionFrameFactory.h:114: warning: argument 'size' of command @param is not found in the argument list of PhysicsCollisionFrameFactory::createSphereCollisionFrame(float sizeX, float sizeY, float sizeZ)
C:/myPrograms/NewtonGameDynamicsWrapper/Collision/Factory/PhysicsCollisionFrameFactory.h:114: warning: The following parameters of PhysicsCollisionFrameFactory::createSphereCollisionFrame(float sizeX, float sizeY, float sizeZ) are not documented:
  parameter 'sizeX'
  parameter 'sizeY'
  parameter 'sizeZ'
C:/myPrograms/NewtonGameDynamicsWrapper/Collision/Factory/PhysicsCollisionFrameFactory.h:121: warning: argument 'size' of command @param is not found in the argument list of PhysicsCollisionFrameFactory::createSphereCollisionFrame(float sizeX, float sizeY, float sizeZ, NewtonMatrix4 offset)
C:/myPrograms/NewtonGameDynamicsWrapper/Collision/Factory/PhysicsCollisionFrameFactory.h:121: warning: The following parameters of PhysicsCollisionFrameFactory::createSphereCollisionFrame(float sizeX, float sizeY, float sizeZ, NewtonMatrix4 offset) are not documented:
  parameter 'sizeX'
  parameter 'sizeY'
  parameter 'sizeZ'
C:/myPrograms/NewtonGameDynamicsWrapper/Collision/Factory/PhysicsCollisionFrameFactory.h:226: warning: argument 'a' of command @param is not found in the argument list of PhysicsCollisionFrameFactory::realeaseCollisionFrame(NewtonCollision *pNewtonCollision)
C:/myPrograms/NewtonGameDynamicsWrapper/Collision/Factory/PhysicsCollisionFrameFactory.h:226: warning: The following parameters of PhysicsCollisionFrameFactory::realeaseCollisionFrame(NewtonCollision *pNewtonCollision) are not documented:
  parameter 'pNewtonCollision'
C:/myPrograms/NewtonGameDynamicsWrapper/Joints/Factory/PhysicsJointFactory.h:35: warning: Found unknown command `\detail'
C:/myPrograms/NewtonGameDynamicsWrapper/Joints/Factory/PhysicsJointFactory.h:35: warning: Found unknown command `\detail'
C:/myPrograms/NewtonGameDynamicsWrapper/Materials/PhysicsMaterial.h:34: warning: Found unknown command `\detail'
C:/myPrograms/NewtonGameDynamicsWrapper/Materials/PhysicsMaterial.h:34: warning: Found unknown command `\detail'
C:/myPrograms/NewtonGameDynamicsWrapper/Materials/Factory/PhysicsMaterialFactory.h:33: warning: Found unknown command `\detail'
C:/myPrograms/NewtonGameDynamicsWrapper/Materials/Factory/PhysicsMaterialFactory.h:33: warning: Found unknown command `\detail'
C:/myPrograms/NewtonGameDynamicsWrapper/Ragdoll/PhysicsRagDoll.h:108: warning: The following parameters of PhysicsRagDoll::addBone(NewtonRagDollBone *pParentRagDollBone, dFloat mass, NewtonMatrix4 matrix, NewtonCollision *pCollision, NewtonVector3 size) are not documented:
  parameter 'mass'
C:/myPrograms/NewtonGameDynamicsWrapper/Ragdoll/PhysicsRagDoll.h:174: warning: argument 'pCallback' of command @param is not found in the argument list of PhysicsRagDoll::setForceAndTorqueCallBack(NewtonApplyForceAndTorque pCallBack)
C:/myPrograms/NewtonGameDynamicsWrapper/Ragdoll/PhysicsRagDoll.h:174: warning: The following parameters of PhysicsRagDoll::setForceAndTorqueCallBack(NewtonApplyForceAndTorque pCallBack) are not documented:
  parameter 'pCallBack'
C:/myPrograms/NewtonGameDynamicsWrapper/Ragdoll/PhysicsRagDoll.h:69: warning: argument 'NewtonWorld' of command @param is not found in the argument list of PhysicsRagDoll::setNewtonWorld(NewtonWorld *pNewtonWorld)
C:/myPrograms/NewtonGameDynamicsWrapper/Ragdoll/PhysicsRagDoll.h:69: warning: The following parameters of PhysicsRagDoll::setNewtonWorld(NewtonWorld *pNewtonWorld) are not documented:
  parameter 'pNewtonWorld'
C:/myPrograms/NewtonGameDynamicsWrapper/Ragdoll/PhysicsRagDoll.h:161: warning: argument 'pCallback' of command @param is not found in the argument list of PhysicsRagDoll::setTransformCallBack(NewtonSetRagDollTransform pCallBack)
C:/myPrograms/NewtonGameDynamicsWrapper/Ragdoll/PhysicsRagDoll.h:161: warning: The following parameters of PhysicsRagDoll::setTransformCallBack(NewtonSetRagDollTransform pCallBack) are not documented:
  parameter 'pCallBack'
C:/myPrograms/NewtonGameDynamicsWrapper/Ragdoll/PhysicsRagDollBone.h:31: warning: Found unknown command `\detail'
C:/myPrograms/NewtonGameDynamicsWrapper/Ragdoll/PhysicsRagDollBone.h:31: warning: Found unknown command `\detail'
C:/myPrograms/NewtonGameDynamicsWrapper/Rays/PhysicsRayClosest.h:27: warning: Found unknown command `\detail'
C:/myPrograms/NewtonGameDynamicsWrapper/Rays/PhysicsRayClosest.h:27: warning: Found unknown command `\detail'
C:/myPrograms/NewtonGameDynamicsWrapper/Rays/PhysicsRayDefault.h:29: warning: Found unknown command `\detail'
C:/myPrograms/NewtonGameDynamicsWrapper/Rays/PhysicsRayDefault.h:29: warning: Found unknown command `\detail'
C:/myPrograms/NewtonGameDynamicsWrapper/Joints/PhysicsSliderJoint.h:38: warning: Found unknown command `\detail'
C:/myPrograms/NewtonGameDynamicsWrapper/Joints/PhysicsSliderJoint.h:38: warning: Found unknown command `\detail'
C:/myPrograms/NewtonGameDynamicsWrapper/Joints/PhysicsUniversalJoint.h:40: warning: Found unknown command `\detail'
C:/myPrograms/NewtonGameDynamicsWrapper/Joints/PhysicsUniversalJoint.h:40: warning: Found unknown command `\detail'
C:/myPrograms/NewtonGameDynamicsWrapper/Joints/PhysicsUpVectorJoint.h:42: warning: Found unknown command `\detail'
C:/myPrograms/NewtonGameDynamicsWrapper/Joints/PhysicsUpVectorJoint.h:42: warning: Found unknown command `\detail'
C:/myPrograms/NewtonGameDynamicsWrapper/Vehicle/PhysicsVehicle.h:34: warning: Found unknown command `\detail'
C:/myPrograms/NewtonGameDynamicsWrapper/Vehicle/PhysicsVehicle.h:34: warning: Found unknown command `\detail'
C:/myPrograms/NewtonGameDynamicsWrapper/Vehicle/PhysicsVehicleTire.h:28: warning: Found unknown command `\detail'
C:/myPrograms/NewtonGameDynamicsWrapper/Vehicle/PhysicsVehicleTire.h:28: warning: Found unknown command `\detail'
C:/myPrograms/NewtonGameDynamicsWrapper/World/PhysicsWorld.h:40: warning: Found unknown command `\detail'
C:/myPrograms/NewtonGameDynamicsWrapper/World/PhysicsWorld.h:40: warning: Found unknown command `\detail'
C:/myPrograms/NewtonGameDynamicsWrapper/World/PhysicsWorld.h:268: warning: argument 'the' of command @param is not found in the argument list of PhysicsWorld::getBuoyancyPlane()
C:/myPrograms/NewtonGameDynamicsWrapper/World/PhysicsWorld.h:160: warning: argument 'achitecture' of command @param is not found in the argument list of PhysicsWorld::setPlatformArchitecture(E_PLATFORM_ARCHITECTURE architecture)
C:/myPrograms/NewtonGameDynamicsWrapper/World/PhysicsWorld.h:160: warning: The following parameters of PhysicsWorld::setPlatformArchitecture(E_PLATFORM_ARCHITECTURE architecture) are not documented:
  parameter 'architecture'
C:/myPrograms/NewtonGameDynamicsWrapper/Body/IPhysicsBody.h:29: warning: Found unknown command `\detail'
C:/myPrograms/NewtonGameDynamicsWrapper/Debugger/IPhysicsDebugger.h:54: warning: Found unknown command `\detail'
C:/myPrograms/NewtonGameDynamicsWrapper/Triggers/IPhysicsTrigger.h:32: warning: Found unknown command `\detail'
C:/myPrograms/NewtonGameDynamicsWrapper/Vehicle/IPhysicsVehicle.h:24: warning: Found unknown command `\detail'
C:/myPrograms/NewtonGameDynamicsWrapper/Utilities/NewtonAABB.h:30: warning: Found unknown command `\detail'
C:/myPrograms/NewtonGameDynamicsWrapper/Utilities/NewtonFreezeThreshold.h:33: warning: Found unknown command `\detail'
C:/myPrograms/NewtonGameDynamicsWrapper/Utilities/NewtonMassMatrix.h:31: warning: Found unknown command `\detail'
C:/myPrograms/NewtonGameDynamicsWrapper/Utilities/NewtonMatrix4.h:34: warning: Found unknown command `\detail'
C:/myPrograms/NewtonGameDynamicsWrapper/Utilities/NewtonVector2.h:28: warning: Found unknown command `\detail'
C:/myPrograms/NewtonGameDynamicsWrapper/Utilities/NewtonVector3.h:34: warning: Found unknown command `\detail'
C:/myPrograms/NewtonGameDynamicsWrapper/Body/PhysicsBody.h:40: warning: Found unknown command `\detail'
C:/myPrograms/NewtonGameDynamicsWrapper/Buoyancy/PhysicsBuoyancyPlane.h:33: warning: Found unknown command `\detail'
C:/myPrograms/NewtonGameDynamicsWrapper/Collision/Frames/PhysicsCollisionFrame.h:35: warning: Found unknown command `\detail'
C:/myPrograms/NewtonGameDynamicsWrapper/Joints/Factory/PhysicsJointFactory.h:35: warning: Found unknown command `\detail'
C:/myPrograms/NewtonGameDynamicsWrapper/Materials/PhysicsMaterial.h:34: warning: Found unknown command `\detail'
C:/myPrograms/NewtonGameDynamicsWrapper/Materials/Factory/PhysicsMaterialFactory.h:33: warning: Found unknown command `\detail'
C:/myPrograms/NewtonGameDynamicsWrapper/Ragdoll/PhysicsRagDollBone.h:31: warning: Found unknown command `\detail'
C:/myPrograms/NewtonGameDynamicsWrapper/Rays/PhysicsRayClosest.h:27: warning: Found unknown command `\detail'
C:/myPrograms/NewtonGameDynamicsWrapper/Rays/PhysicsRayDefault.h:29: warning: Found unknown command `\detail'
C:/myPrograms/NewtonGameDynamicsWrapper/Joints/PhysicsSliderJoint.h:38: warning: Found unknown command `\detail'
C:/myPrograms/NewtonGameDynamicsWrapper/Joints/PhysicsUniversalJoint.h:40: warning: Found unknown command `\detail'
C:/myPrograms/NewtonGameDynamicsWrapper/Joints/PhysicsUpVectorJoint.h:42: warning: Found unknown command `\detail'
C:/myPrograms/NewtonGameDynamicsWrapper/Vehicle/PhysicsVehicle.h:34: warning: Found unknown command `\detail'
C:/myPrograms/NewtonGameDynamicsWrapper/Vehicle/PhysicsVehicleTire.h:28: warning: Found unknown command `\detail'
C:/myPrograms/NewtonGameDynamicsWrapper/World/PhysicsWorld.h:40: warning: Found unknown command `\detail'
C:/myPrograms/NewtonGameDynamicsWrapper/Body/IPhysicsBody.h:29: warning: Found unknown command `\detail'
C:/myPrograms/NewtonGameDynamicsWrapper/Debugger/IPhysicsDebugger.h:54: warning: Found unknown command `\detail'
C:/myPrograms/NewtonGameDynamicsWrapper/Joints/PhysicsSliderJoint.h:38: warning: Found unknown command `\detail'
C:/myPrograms/NewtonGameDynamicsWrapper/Joints/PhysicsUniversalJoint.h:40: warning: Found unknown command `\detail'
C:/myPrograms/NewtonGameDynamicsWrapper/Joints/PhysicsUpVectorJoint.h:42: warning: Found unknown command `\detail'
C:/myPrograms/NewtonGameDynamicsWrapper/Rays/PhysicsRayClosest.h:27: warning: Found unknown command `\detail'
C:/myPrograms/NewtonGameDynamicsWrapper/Rays/PhysicsRayDefault.h:29: warning: Found unknown command `\detail'
C:/myPrograms/NewtonGameDynamicsWrapper/Vehicle/IPhysicsVehicle.h:24: warning: Found unknown command `\detail'
C:/myPrograms/NewtonGameDynamicsWrapper/Utilities/NewtonAABB.h:30: warning: Found unknown command `\detail'
C:/myPrograms/NewtonGameDynamicsWrapper/Utilities/NewtonFreezeThreshold.h:33: warning: Found unknown command `\detail'
C:/myPrograms/NewtonGameDynamicsWrapper/Utilities/NewtonMassMatrix.h:31: warning: Found unknown command `\detail'
C:/myPrograms/NewtonGameDynamicsWrapper/Utilities/NewtonMatrix4.h:34: warning: Found unknown command `\detail'
C:/myPrograms/NewtonGameDynamicsWrapper/Utilities/NewtonVector2.h:28: warning: Found unknown command `\detail'
C:/myPrograms/NewtonGameDynamicsWrapper/Utilities/NewtonVector3.h:34: warning: Found unknown command `\detail'
C:/myPrograms/NewtonGameDynamicsWrapper/Body/PhysicsBody.h:40: warning: Found unknown command `\detail'
C:/myPrograms/NewtonGameDynamicsWrapper/Buoyancy/PhysicsBuoyancyPlane.h:33: warning: Found unknown command `\detail'
C:/myPrograms/NewtonGameDynamicsWrapper/Collision/Frames/PhysicsCollisionFrame.h:35: warning: Found unknown command `\detail'
C:/myPrograms/NewtonGameDynamicsWrapper/Triggers/IPhysicsTrigger.h:32: warning: Found unknown command `\detail'
C:/myPrograms/NewtonGameDynamicsWrapper/Joints/Factory/PhysicsJointFactory.h:35: warning: Found unknown command `\detail'
C:/myPrograms/NewtonGameDynamicsWrapper/Materials/PhysicsMaterial.h:34: warning: Found unknown command `\detail'
C:/myPrograms/NewtonGameDynamicsWrapper/Materials/Factory/PhysicsMaterialFactory.h:33: warning: Found unknown command `\detail'
C:/myPrograms/NewtonGameDynamicsWrapper/Ragdoll/PhysicsRagDollBone.h:31: warning: Found unknown command `\detail'
C:/myPrograms/NewtonGameDynamicsWrapper/Vehicle/PhysicsVehicle.h:34: warning: Found unknown command `\detail'
C:/myPrograms/NewtonGameDynamicsWrapper/Vehicle/PhysicsVehicleTire.h:28: warning: Found unknown command `\detail'
C:/myPrograms/NewtonGameDynamicsWrapper/World/PhysicsWorld.h:40: warning: Found unknown command `\detail'
